           1  0.37607161636702546       0.37594280998286672     
           2   1.5042864654681019        1.5022264102856850     
           3   3.3846445473032287        3.3742226600080261     
           4   6.0171458618724074        5.9842391250175062     
           5   9.4017904091756375        9.3215506878127155     
           6   13.538578189212915        13.372443619331138     
           7   18.427509201984247        18.120271931603170     
           8   24.068583447489630        23.545525779687907     
           9   30.461800925729062        29.625911631810300     
          10   37.607161636702550        36.336443878265030     
          11   45.504665580410062        43.649547502647046     
          12   54.154312756851660        51.535171393507817     
          13   63.556103166027306        59.960911830818752     
          14   73.710036807936987        68.892145639807367     
          15   84.616113682580718        78.292172465008761     
          16   96.274333789958519        88.122365579898982     
          17   108.68469713007036        98.342330612398897     
          18   121.84720370291625        108.91007153401449     
          19   135.76185350849616        119.78216323052541     
          20   150.42864654681020        130.91392994509445     
          21   165.84758281785824        142.25962886053483     
          22   182.01866232164025        153.77263806635841     
          23   198.94188505815643        165.40564813820546     
          24   216.61725102740664        177.11085654241816     
          25   235.04476022939090        188.84016406690429     
          26   254.22441266410922        200.54537247111708     
          27   274.15620833156152        212.17838254296410     
          28   294.84014723174795        223.69139174878782     
          29   316.27622936466844        235.03709066422817     
          30   338.46445473032287        246.16885737879721     
          31   361.40482332871147        257.04094907530805     
          32   385.09733515983407        267.60868999692372     
          33   409.54199022369068        277.82865502942354     
          34   434.73878852028145        287.65884814431382     
          35   460.68773004960616        297.05887496951527     
          36   487.38881481166499        305.99010877850372     
          37   514.84204280645793        314.41584921581489     
          38   543.04741403398464        322.30147310667553     
          39   572.00492849424552        329.61457673105753     
          40   601.71458618724080        336.32510897751229     
          41   632.17638711296968        342.40549482963468     
          42   663.39033127143296        347.83074867771927     
          43   695.35641866263018        352.57857698999169     
          44   728.07464928656100        356.62946992150984     
          45   761.54502314322667        359.96678148430516     
          46   795.76754023262572        362.57679794931465     
          47   830.74220055475917        364.44879419903674     
          48   866.46900410962655        365.57507779933974     
