   0.0000000000000000        1.0000000000000000        0.0000000000000000     
   2.0408163265306123E-011   0.0000000000000000        8.5923301829728589E-034
   4.0816326530612245E-011   0.0000000000000000        2.1480825457432147E-034
   6.1224489795918365E-011   0.0000000000000000        0.0000000000000000     
   8.1632653061224490E-011   0.0000000000000000        0.0000000000000000     
   1.0204081632653062E-010   0.0000000000000000        0.0000000000000000     
   1.2244897959183673E-010   0.0000000000000000        0.0000000000000000     
   1.4285714285714285E-010   0.0000000000000000        0.0000000000000000     
   1.6326530612244898E-010   0.0000000000000000        0.0000000000000000     
   1.8367346938775511E-010   0.0000000000000000        0.0000000000000000     
   2.0408163265306123E-010   0.0000000000000000        0.0000000000000000     
   2.2448979591836736E-010   0.0000000000000000        0.0000000000000000     
   2.4489795918367346E-010   0.0000000000000000        0.0000000000000000     
   2.6530612244897958E-010   0.0000000000000000        0.0000000000000000     
   2.8571428571428571E-010   0.0000000000000000        0.0000000000000000     
   3.0612244897959184E-010   0.0000000000000000        0.0000000000000000     
   3.2653061224489796E-010   0.0000000000000000        0.0000000000000000     
   3.4693877551020409E-010   0.0000000000000000        0.0000000000000000     
   3.6734693877551021E-010   0.0000000000000000        0.0000000000000000     
   3.8775510204081634E-010   0.0000000000000000        0.0000000000000000     
   4.0816326530612246E-010   0.0000000000000000        0.0000000000000000     
   4.2857142857142859E-010   0.0000000000000000        0.0000000000000000     
   4.4897959183673472E-010   0.0000000000000000        0.0000000000000000     
   4.6938775510204079E-010   0.0000000000000000        0.0000000000000000     
   4.8979591836734692E-010   0.0000000000000000        0.0000000000000000     
   5.1020408163265304E-010   0.0000000000000000        0.0000000000000000     
   5.3061224489795917E-010   0.0000000000000000        0.0000000000000000     
   5.5102040816326529E-010   0.0000000000000000        0.0000000000000000     
   5.7142857142857142E-010   0.0000000000000000        0.0000000000000000     
   5.9183673469387755E-010   0.0000000000000000        0.0000000000000000     
   6.1224489795918367E-010   0.0000000000000000        0.0000000000000000     
   6.3265306122448980E-010   0.0000000000000000        0.0000000000000000     
   6.5306122448979592E-010   0.0000000000000000        0.0000000000000000     
   6.7346938775510205E-010   0.0000000000000000        0.0000000000000000     
   6.9387755102040817E-010   0.0000000000000000        0.0000000000000000     
   7.1428571428571430E-010   0.0000000000000000        0.0000000000000000     
   7.3469387755102043E-010   0.0000000000000000        0.0000000000000000     
   7.5510204081632655E-010   0.0000000000000000        0.0000000000000000     
   7.7551020408163268E-010   0.0000000000000000        0.0000000000000000     
   7.9591836734693880E-010   0.0000000000000000        0.0000000000000000     
   8.1632653061224493E-010   0.0000000000000000        0.0000000000000000     
   8.3673469387755106E-010   0.0000000000000000        0.0000000000000000     
   8.5714285714285718E-010   0.0000000000000000        0.0000000000000000     
   8.7755102040816331E-010   0.0000000000000000        0.0000000000000000     
   8.9795918367346943E-010   0.0000000000000000        0.0000000000000000     
   9.1836734693877556E-010   0.0000000000000000        0.0000000000000000     
   9.3877551020408158E-010   0.0000000000000000        0.0000000000000000     
   9.5918367346938781E-010   0.0000000000000000        0.0000000000000000     
   9.7959183673469383E-010   0.0000000000000000        0.0000000000000000     
   1.0000000000000001E-009   0.0000000000000000        0.0000000000000000     
